[INFO]2023-07-05 10:48:21,620 - Starting TourServiceApplication using Java 1.8.0_372 on LAPTOP-CN7UMM8R with PID 23072 (E:\dasan_xia\实习\project\tourService\target\classes started by 12036 in E:\dasan_xia\实习\project\tourService)
[INFO]2023-07-05 10:48:21,621 - No active profile set, falling back to 1 default profile: "default"
[INFO]2023-07-05 10:48:21,660 - Devtools property defaults active! Set 'spring.devtools.add-properties' to 'false' to disable
[INFO]2023-07-05 10:48:21,660 - For additional web related logging consider setting the 'logging.level.web' property to 'DEBUG'
[INFO]2023-07-05 10:48:22,230 - Bootstrapping Spring Data JPA repositories in DEFAULT mode.
[INFO]2023-07-05 10:48:22,247 - Finished Spring Data repository scanning in 7 ms. Found 0 JPA repository interfaces.
[INFO]2023-07-05 10:48:22,863 - Tomcat initialized with port(s): 8080 (http)
[INFO]2023-07-05 10:48:22,870 - Initializing ProtocolHandler ["http-nio-8080"]
[INFO]2023-07-05 10:48:22,872 - Starting service [Tomcat]
[INFO]2023-07-05 10:48:22,872 - Starting Servlet engine: [Apache Tomcat/9.0.76]
[INFO]2023-07-05 10:48:22,987 - Initializing Spring embedded WebApplicationContext
[INFO]2023-07-05 10:48:22,987 - Root WebApplicationContext: initialization completed in 1326 ms
[INFO]2023-07-05 10:48:23,108 - HikariPool-1 - Starting...
[INFO]2023-07-05 10:48:23,845 - HikariPool-1 - Start completed.
[INFO]2023-07-05 10:48:23,923 - HHH000412: Hibernate ORM core version 5.6.15.Final
[INFO]2023-07-05 10:48:24,043 - HCANN000001: Hibernate Commons Annotations {5.1.2.Final}
[INFO]2023-07-05 10:48:24,151 - HHH000400: Using dialect: org.hibernate.dialect.MySQL8Dialect
[INFO]2023-07-05 10:48:24,270 - HHH000490: Using JtaPlatform implementation: [org.hibernate.engine.transaction.jta.platform.internal.NoJtaPlatform]
[INFO]2023-07-05 10:48:24,279 - Initialized JPA EntityManagerFactory for persistence unit 'default'
[WARN]2023-07-05 10:48:24,537 - Exception encountered during context initialization - cancelling refresh attempt: org.springframework.beans.factory.UnsatisfiedDependencyException: Error creating bean with name 'loginController': Unsatisfied dependency expressed through field 'personService'; nested exception is org.springframework.beans.factory.NoSuchBeanDefinitionException: No qualifying bean of type 'com.sx.tourService.service.PersonService' available: expected at least 1 bean which qualifies as autowire candidate. Dependency annotations: {@org.springframework.beans.factory.annotation.Autowired(required=true)}
[INFO]2023-07-05 10:48:24,537 - Closing JPA EntityManagerFactory for persistence unit 'default'
[INFO]2023-07-05 10:48:24,542 - HikariPool-1 - Shutdown initiated...
[INFO]2023-07-05 10:48:25,100 - HikariPool-1 - Shutdown completed.
[INFO]2023-07-05 10:48:25,102 - Stopping service [Tomcat]
[ERROR]2023-07-05 10:48:25,155 - 

***************************
APPLICATION FAILED TO START
***************************

Description:

Field personService in com.sx.tourService.controller.LoginController required a bean of type 'com.sx.tourService.service.PersonService' that could not be found.

The injection point has the following annotations:
	- @org.springframework.beans.factory.annotation.Autowired(required=true)


Action:

Consider defining a bean of type 'com.sx.tourService.service.PersonService' in your configuration.

[INFO]2023-07-05 10:49:18,077 - Starting TourServiceApplication using Java 1.8.0_372 on LAPTOP-CN7UMM8R with PID 18240 (E:\dasan_xia\实习\project\tourService\target\classes started by 12036 in E:\dasan_xia\实习\project\tourService)
[INFO]2023-07-05 10:49:18,078 - No active profile set, falling back to 1 default profile: "default"
[INFO]2023-07-05 10:49:18,118 - Devtools property defaults active! Set 'spring.devtools.add-properties' to 'false' to disable
[INFO]2023-07-05 10:49:18,119 - For additional web related logging consider setting the 'logging.level.web' property to 'DEBUG'
[INFO]2023-07-05 10:49:18,670 - Bootstrapping Spring Data JPA repositories in DEFAULT mode.
[INFO]2023-07-05 10:49:18,686 - Finished Spring Data repository scanning in 7 ms. Found 0 JPA repository interfaces.
[INFO]2023-07-05 10:49:19,271 - Tomcat initialized with port(s): 8080 (http)
[INFO]2023-07-05 10:49:19,278 - Initializing ProtocolHandler ["http-nio-8080"]
[INFO]2023-07-05 10:49:19,280 - Starting service [Tomcat]
[INFO]2023-07-05 10:49:19,280 - Starting Servlet engine: [Apache Tomcat/9.0.76]
[INFO]2023-07-05 10:49:19,392 - Initializing Spring embedded WebApplicationContext
[INFO]2023-07-05 10:49:19,393 - Root WebApplicationContext: initialization completed in 1273 ms
[INFO]2023-07-05 10:49:19,511 - HikariPool-1 - Starting...
[INFO]2023-07-05 10:49:20,181 - HikariPool-1 - Start completed.
[INFO]2023-07-05 10:49:20,248 - HHH000412: Hibernate ORM core version 5.6.15.Final
[INFO]2023-07-05 10:49:20,346 - HCANN000001: Hibernate Commons Annotations {5.1.2.Final}
[INFO]2023-07-05 10:49:20,439 - HHH000400: Using dialect: org.hibernate.dialect.MySQL8Dialect
[INFO]2023-07-05 10:49:20,540 - HHH000490: Using JtaPlatform implementation: [org.hibernate.engine.transaction.jta.platform.internal.NoJtaPlatform]
[INFO]2023-07-05 10:49:20,549 - Initialized JPA EntityManagerFactory for persistence unit 'default'
[WARN]2023-07-05 10:49:20,780 - Exception encountered during context initialization - cancelling refresh attempt: org.springframework.beans.factory.BeanCreationException: Error creating bean with name 'personController': Injection of resource dependencies failed; nested exception is org.springframework.beans.factory.NoSuchBeanDefinitionException: No qualifying bean of type 'com.sx.tourService.service.PersonService' available: expected at least 1 bean which qualifies as autowire candidate. Dependency annotations: {@javax.annotation.Resource(shareable=true, lookup=, name=, description=, authenticationType=CONTAINER, type=class java.lang.Object, mappedName=)}
[INFO]2023-07-05 10:49:20,781 - Closing JPA EntityManagerFactory for persistence unit 'default'
[INFO]2023-07-05 10:49:20,784 - HikariPool-1 - Shutdown initiated...
[INFO]2023-07-05 10:49:20,795 - HikariPool-1 - Shutdown completed.
[INFO]2023-07-05 10:49:20,796 - Stopping service [Tomcat]
[ERROR]2023-07-05 10:49:20,848 - 

***************************
APPLICATION FAILED TO START
***************************

Description:

A component required a bean of type 'com.sx.tourService.service.PersonService' that could not be found.


Action:

Consider defining a bean of type 'com.sx.tourService.service.PersonService' in your configuration.

[INFO]2023-07-05 10:50:36,714 - Starting TourServiceApplication using Java 1.8.0_372 on LAPTOP-CN7UMM8R with PID 24340 (E:\dasan_xia\实习\project\tourService\target\classes started by 12036 in E:\dasan_xia\实习\project\tourService)
[INFO]2023-07-05 10:50:36,715 - No active profile set, falling back to 1 default profile: "default"
[INFO]2023-07-05 10:50:36,756 - Devtools property defaults active! Set 'spring.devtools.add-properties' to 'false' to disable
[INFO]2023-07-05 10:50:36,756 - For additional web related logging consider setting the 'logging.level.web' property to 'DEBUG'
[INFO]2023-07-05 10:50:37,277 - Bootstrapping Spring Data JPA repositories in DEFAULT mode.
[INFO]2023-07-05 10:50:37,292 - Finished Spring Data repository scanning in 7 ms. Found 0 JPA repository interfaces.
[INFO]2023-07-05 10:50:37,860 - Tomcat initialized with port(s): 8080 (http)
[INFO]2023-07-05 10:50:37,866 - Initializing ProtocolHandler ["http-nio-8080"]
[INFO]2023-07-05 10:50:37,868 - Starting service [Tomcat]
[INFO]2023-07-05 10:50:37,868 - Starting Servlet engine: [Apache Tomcat/9.0.76]
[INFO]2023-07-05 10:50:37,980 - Initializing Spring embedded WebApplicationContext
[INFO]2023-07-05 10:50:37,980 - Root WebApplicationContext: initialization completed in 1224 ms
[INFO]2023-07-05 10:50:38,103 - HikariPool-1 - Starting...
[INFO]2023-07-05 10:50:38,798 - HikariPool-1 - Start completed.
[INFO]2023-07-05 10:50:38,864 - HHH000412: Hibernate ORM core version 5.6.15.Final
[INFO]2023-07-05 10:50:38,959 - HCANN000001: Hibernate Commons Annotations {5.1.2.Final}
[INFO]2023-07-05 10:50:39,061 - HHH000400: Using dialect: org.hibernate.dialect.MySQL8Dialect
[INFO]2023-07-05 10:50:39,173 - HHH000490: Using JtaPlatform implementation: [org.hibernate.engine.transaction.jta.platform.internal.NoJtaPlatform]
[INFO]2023-07-05 10:50:39,182 - Initialized JPA EntityManagerFactory for persistence unit 'default'
[WARN]2023-07-05 10:50:39,493 - spring.jpa.open-in-view is enabled by default. Therefore, database queries may be performed during view rendering. Explicitly configure spring.jpa.open-in-view to disable this warning
[INFO]2023-07-05 10:50:39,840 - LiveReload server is running on port 35729
[INFO]2023-07-05 10:50:39,858 - Starting ProtocolHandler ["http-nio-8080"]
[INFO]2023-07-05 10:50:39,877 - Tomcat started on port(s): 8080 (http) with context path ''
[INFO]2023-07-05 10:50:39,898 - Started TourServiceApplication in 3.609 seconds (JVM running for 5.405)
[INFO]2023-07-05 10:51:11,147 - Closing JPA EntityManagerFactory for persistence unit 'default'
[INFO]2023-07-05 10:51:11,151 - HikariPool-1 - Shutdown initiated...
[INFO]2023-07-05 10:51:11,160 - HikariPool-1 - Shutdown completed.
